{"/Users/manesty/alip/data/10xers-backend-test/index.js": {"path":"/Users/manesty/alip/data/10xers-backend-test/index.js","statementMap":{"0":{"start":{"line":1,"column":16},"end":{"line":1,"column":34}},"1":{"start":{"line":2,"column":13},"end":{"line":2,"column":28}},"2":{"start":{"line":3,"column":0},"end":{"line":3,"column":27}},"3":{"start":{"line":4,"column":12},"end":{"line":4,"column":21}},"4":{"start":{"line":5,"column":15},"end":{"line":5,"column":34}},"5":{"start":{"line":6,"column":21},"end":{"line":6,"column":58}},"6":{"start":{"line":7,"column":13},"end":{"line":7,"column":29}},"7":{"start":{"line":9,"column":0},"end":{"line":9,"column":16}},"8":{"start":{"line":10,"column":0},"end":{"line":10,"column":48}},"9":{"start":{"line":11,"column":0},"end":{"line":11,"column":24}},"10":{"start":{"line":12,"column":0},"end":{"line":12,"column":16}},"11":{"start":{"line":13,"column":0},"end":{"line":13,"column":22}},"12":{"start":{"line":19,"column":0},"end":{"line":19,"column":21}}},"fnMap":{},"branchMap":{},"s":{"0":5,"1":5,"2":5,"3":5,"4":5,"5":5,"6":5,"7":5,"8":5,"9":5,"10":5,"11":5,"12":5},"f":{},"b":{},"_coverageSchema":"1a1c01bbd47fc00a2c39e90264f33305004495a9","hash":"1267ff74beea971aaa01ff823e1de920212267b6"}
,"/Users/manesty/alip/data/10xers-backend-test/controllers/AdminController.js": {"path":"/Users/manesty/alip/data/10xers-backend-test/controllers/AdminController.js","statementMap":{"0":{"start":{"line":1,"column":18},"end":{"line":1,"column":38}},"1":{"start":{"line":2,"column":52},"end":{"line":2,"column":76}},"2":{"start":{"line":6,"column":4},"end":{"line":32,"column":5}},"3":{"start":{"line":7,"column":34},"end":{"line":7,"column":42}},"4":{"start":{"line":8,"column":6},"end":{"line":13,"column":7}},"5":{"start":{"line":9,"column":8},"end":{"line":12,"column":10}},"6":{"start":{"line":14,"column":6},"end":{"line":19,"column":7}},"7":{"start":{"line":15,"column":8},"end":{"line":18,"column":10}},"8":{"start":{"line":20,"column":23},"end":{"line":20,"column":26}},"9":{"start":{"line":21,"column":25},"end":{"line":21,"column":49}},"10":{"start":{"line":22,"column":22},"end":{"line":26,"column":7}},"11":{"start":{"line":27,"column":26},"end":{"line":27,"column":46}},"12":{"start":{"line":28,"column":6},"end":{"line":28,"column":41}},"13":{"start":{"line":29,"column":6},"end":{"line":29,"column":36}},"14":{"start":{"line":31,"column":6},"end":{"line":31,"column":18}},"15":{"start":{"line":35,"column":4},"end":{"line":79,"column":5}},"16":{"start":{"line":36,"column":34},"end":{"line":36,"column":42}},"17":{"start":{"line":37,"column":6},"end":{"line":42,"column":7}},"18":{"start":{"line":38,"column":8},"end":{"line":41,"column":10}},"19":{"start":{"line":43,"column":6},"end":{"line":48,"column":7}},"20":{"start":{"line":44,"column":8},"end":{"line":47,"column":10}},"21":{"start":{"line":49,"column":6},"end":{"line":49,"column":28}},"22":{"start":{"line":50,"column":24},"end":{"line":54,"column":8}},"23":{"start":{"line":55,"column":6},"end":{"line":55,"column":29}},"24":{"start":{"line":56,"column":6},"end":{"line":61,"column":7}},"25":{"start":{"line":57,"column":8},"end":{"line":60,"column":10}},"26":{"start":{"line":62,"column":30},"end":{"line":62,"column":73}},"27":{"start":{"line":63,"column":6},"end":{"line":68,"column":7}},"28":{"start":{"line":64,"column":8},"end":{"line":67,"column":10}},"29":{"start":{"line":69,"column":25},"end":{"line":73,"column":7}},"30":{"start":{"line":74,"column":26},"end":{"line":74,"column":49}},"31":{"start":{"line":75,"column":6},"end":{"line":75,"column":44}},"32":{"start":{"line":76,"column":6},"end":{"line":76,"column":46}},"33":{"start":{"line":78,"column":6},"end":{"line":78,"column":18}},"34":{"start":{"line":83,"column":0},"end":{"line":83,"column":33}}},"fnMap":{"0":{"name":"(anonymous_0)","decl":{"start":{"line":5,"column":2},"end":{"line":5,"column":3}},"loc":{"start":{"line":5,"column":40},"end":{"line":33,"column":3}},"line":5},"1":{"name":"(anonymous_1)","decl":{"start":{"line":34,"column":2},"end":{"line":34,"column":3}},"loc":{"start":{"line":34,"column":37},"end":{"line":80,"column":3}},"line":34}},"branchMap":{"0":{"loc":{"start":{"line":8,"column":6},"end":{"line":13,"column":7}},"type":"if","locations":[{"start":{"line":8,"column":6},"end":{"line":13,"column":7}},{"start":{},"end":{}}],"line":8},"1":{"loc":{"start":{"line":14,"column":6},"end":{"line":19,"column":7}},"type":"if","locations":[{"start":{"line":14,"column":6},"end":{"line":19,"column":7}},{"start":{},"end":{}}],"line":14},"2":{"loc":{"start":{"line":37,"column":6},"end":{"line":42,"column":7}},"type":"if","locations":[{"start":{"line":37,"column":6},"end":{"line":42,"column":7}},{"start":{},"end":{}}],"line":37},"3":{"loc":{"start":{"line":43,"column":6},"end":{"line":48,"column":7}},"type":"if","locations":[{"start":{"line":43,"column":6},"end":{"line":48,"column":7}},{"start":{},"end":{}}],"line":43},"4":{"loc":{"start":{"line":56,"column":6},"end":{"line":61,"column":7}},"type":"if","locations":[{"start":{"line":56,"column":6},"end":{"line":61,"column":7}},{"start":{},"end":{}}],"line":56},"5":{"loc":{"start":{"line":63,"column":6},"end":{"line":68,"column":7}},"type":"if","locations":[{"start":{"line":63,"column":6},"end":{"line":68,"column":7}},{"start":{},"end":{}}],"line":63}},"s":{"0":5,"1":5,"2":4,"3":4,"4":4,"5":1,"6":3,"7":1,"8":2,"9":2,"10":1,"11":1,"12":1,"13":1,"14":3,"15":5,"16":5,"17":5,"18":1,"19":4,"20":1,"21":3,"22":3,"23":3,"24":3,"25":1,"26":2,"27":2,"28":1,"29":1,"30":1,"31":1,"32":1,"33":4,"34":5},"f":{"0":4,"1":5},"b":{"0":[1,3],"1":[1,2],"2":[1,4],"3":[1,3],"4":[1,2],"5":[1,1]},"_coverageSchema":"1a1c01bbd47fc00a2c39e90264f33305004495a9","hash":"e982b6451528a1d9a6faadf041a6a61cba2161f5"}
,"/Users/manesty/alip/data/10xers-backend-test/controllers/ProductController.js": {"path":"/Users/manesty/alip/data/10xers-backend-test/controllers/ProductController.js","statementMap":{"0":{"start":{"line":1,"column":15},"end":{"line":1,"column":66}},"1":{"start":{"line":2,"column":20},"end":{"line":2,"column":40}},"2":{"start":{"line":6,"column":4},"end":{"line":11,"column":5}},"3":{"start":{"line":7,"column":27},"end":{"line":7,"column":50}},"4":{"start":{"line":8,"column":6},"end":{"line":8,"column":48}},"5":{"start":{"line":10,"column":6},"end":{"line":10,"column":18}},"6":{"start":{"line":14,"column":4},"end":{"line":39,"column":5}},"7":{"start":{"line":15,"column":39},"end":{"line":15,"column":47}},"8":{"start":{"line":16,"column":6},"end":{"line":21,"column":7}},"9":{"start":{"line":17,"column":8},"end":{"line":20,"column":10}},"10":{"start":{"line":22,"column":6},"end":{"line":27,"column":7}},"11":{"start":{"line":23,"column":8},"end":{"line":26,"column":10}},"12":{"start":{"line":28,"column":6},"end":{"line":33,"column":7}},"13":{"start":{"line":29,"column":8},"end":{"line":32,"column":10}},"14":{"start":{"line":34,"column":6},"end":{"line":34,"column":37}},"15":{"start":{"line":35,"column":25},"end":{"line":35,"column":55}},"16":{"start":{"line":36,"column":6},"end":{"line":36,"column":46}},"17":{"start":{"line":38,"column":6},"end":{"line":38,"column":18}},"18":{"start":{"line":42,"column":4},"end":{"line":76,"column":5}},"19":{"start":{"line":43,"column":19},"end":{"line":43,"column":32}},"20":{"start":{"line":44,"column":6},"end":{"line":49,"column":7}},"21":{"start":{"line":45,"column":8},"end":{"line":48,"column":10}},"22":{"start":{"line":50,"column":29},"end":{"line":50,"column":39}},"23":{"start":{"line":51,"column":6},"end":{"line":56,"column":7}},"24":{"start":{"line":52,"column":8},"end":{"line":55,"column":10}},"25":{"start":{"line":57,"column":26},"end":{"line":57,"column":60}},"26":{"start":{"line":58,"column":6},"end":{"line":63,"column":7}},"27":{"start":{"line":59,"column":8},"end":{"line":62,"column":10}},"28":{"start":{"line":70,"column":6},"end":{"line":70,"column":34}},"29":{"start":{"line":71,"column":6},"end":{"line":73,"column":9}},"30":{"start":{"line":75,"column":6},"end":{"line":75,"column":18}},"31":{"start":{"line":79,"column":4},"end":{"line":131,"column":5}},"32":{"start":{"line":80,"column":19},"end":{"line":80,"column":32}},"33":{"start":{"line":81,"column":6},"end":{"line":81,"column":34}},"34":{"start":{"line":82,"column":6},"end":{"line":87,"column":7}},"35":{"start":{"line":83,"column":8},"end":{"line":86,"column":10}},"36":{"start":{"line":88,"column":29},"end":{"line":88,"column":39}},"37":{"start":{"line":89,"column":6},"end":{"line":94,"column":7}},"38":{"start":{"line":90,"column":8},"end":{"line":93,"column":10}},"39":{"start":{"line":95,"column":26},"end":{"line":95,"column":60}},"40":{"start":{"line":96,"column":6},"end":{"line":101,"column":7}},"41":{"start":{"line":97,"column":8},"end":{"line":100,"column":10}},"42":{"start":{"line":102,"column":39},"end":{"line":102,"column":47}},"43":{"start":{"line":103,"column":6},"end":{"line":108,"column":7}},"44":{"start":{"line":104,"column":8},"end":{"line":107,"column":10}},"45":{"start":{"line":109,"column":6},"end":{"line":114,"column":7}},"46":{"start":{"line":110,"column":8},"end":{"line":113,"column":10}},"47":{"start":{"line":115,"column":6},"end":{"line":120,"column":7}},"48":{"start":{"line":116,"column":8},"end":{"line":119,"column":10}},"49":{"start":{"line":127,"column":28},"end":{"line":127,"column":62}},"50":{"start":{"line":128,"column":6},"end":{"line":128,"column":42}},"51":{"start":{"line":130,"column":6},"end":{"line":130,"column":18}},"52":{"start":{"line":135,"column":0},"end":{"line":135,"column":35}}},"fnMap":{"0":{"name":"(anonymous_0)","decl":{"start":{"line":5,"column":2},"end":{"line":5,"column":3}},"loc":{"start":{"line":5,"column":45},"end":{"line":12,"column":3}},"line":5},"1":{"name":"(anonymous_1)","decl":{"start":{"line":13,"column":2},"end":{"line":13,"column":3}},"loc":{"start":{"line":13,"column":45},"end":{"line":40,"column":3}},"line":13},"2":{"name":"(anonymous_2)","decl":{"start":{"line":41,"column":2},"end":{"line":41,"column":3}},"loc":{"start":{"line":41,"column":45},"end":{"line":77,"column":3}},"line":41},"3":{"name":"(anonymous_3)","decl":{"start":{"line":78,"column":2},"end":{"line":78,"column":3}},"loc":{"start":{"line":78,"column":43},"end":{"line":132,"column":3}},"line":78}},"branchMap":{"0":{"loc":{"start":{"line":16,"column":6},"end":{"line":21,"column":7}},"type":"if","locations":[{"start":{"line":16,"column":6},"end":{"line":21,"column":7}},{"start":{},"end":{}}],"line":16},"1":{"loc":{"start":{"line":22,"column":6},"end":{"line":27,"column":7}},"type":"if","locations":[{"start":{"line":22,"column":6},"end":{"line":27,"column":7}},{"start":{},"end":{}}],"line":22},"2":{"loc":{"start":{"line":28,"column":6},"end":{"line":33,"column":7}},"type":"if","locations":[{"start":{"line":28,"column":6},"end":{"line":33,"column":7}},{"start":{},"end":{}}],"line":28},"3":{"loc":{"start":{"line":44,"column":6},"end":{"line":49,"column":7}},"type":"if","locations":[{"start":{"line":44,"column":6},"end":{"line":49,"column":7}},{"start":{},"end":{}}],"line":44},"4":{"loc":{"start":{"line":51,"column":6},"end":{"line":56,"column":7}},"type":"if","locations":[{"start":{"line":51,"column":6},"end":{"line":56,"column":7}},{"start":{},"end":{}}],"line":51},"5":{"loc":{"start":{"line":58,"column":6},"end":{"line":63,"column":7}},"type":"if","locations":[{"start":{"line":58,"column":6},"end":{"line":63,"column":7}},{"start":{},"end":{}}],"line":58},"6":{"loc":{"start":{"line":82,"column":6},"end":{"line":87,"column":7}},"type":"if","locations":[{"start":{"line":82,"column":6},"end":{"line":87,"column":7}},{"start":{},"end":{}}],"line":82},"7":{"loc":{"start":{"line":89,"column":6},"end":{"line":94,"column":7}},"type":"if","locations":[{"start":{"line":89,"column":6},"end":{"line":94,"column":7}},{"start":{},"end":{}}],"line":89},"8":{"loc":{"start":{"line":96,"column":6},"end":{"line":101,"column":7}},"type":"if","locations":[{"start":{"line":96,"column":6},"end":{"line":101,"column":7}},{"start":{},"end":{}}],"line":96},"9":{"loc":{"start":{"line":103,"column":6},"end":{"line":108,"column":7}},"type":"if","locations":[{"start":{"line":103,"column":6},"end":{"line":108,"column":7}},{"start":{},"end":{}}],"line":103},"10":{"loc":{"start":{"line":109,"column":6},"end":{"line":114,"column":7}},"type":"if","locations":[{"start":{"line":109,"column":6},"end":{"line":114,"column":7}},{"start":{},"end":{}}],"line":109},"11":{"loc":{"start":{"line":115,"column":6},"end":{"line":120,"column":7}},"type":"if","locations":[{"start":{"line":115,"column":6},"end":{"line":120,"column":7}},{"start":{},"end":{}}],"line":115}},"s":{"0":5,"1":5,"2":1,"3":1,"4":1,"5":0,"6":6,"7":6,"8":6,"9":1,"10":5,"11":1,"12":4,"13":1,"14":3,"15":3,"16":2,"17":4,"18":4,"19":4,"20":4,"21":1,"22":3,"23":3,"24":1,"25":2,"26":2,"27":1,"28":1,"29":1,"30":3,"31":8,"32":8,"33":8,"34":8,"35":1,"36":7,"37":7,"38":1,"39":6,"40":6,"41":1,"42":5,"43":5,"44":1,"45":4,"46":1,"47":3,"48":1,"49":2,"50":1,"51":7,"52":5},"f":{"0":1,"1":6,"2":4,"3":8},"b":{"0":[1,5],"1":[1,4],"2":[1,3],"3":[1,3],"4":[1,2],"5":[1,1],"6":[1,7],"7":[1,6],"8":[1,5],"9":[1,4],"10":[1,3],"11":[1,2]},"_coverageSchema":"1a1c01bbd47fc00a2c39e90264f33305004495a9","hash":"a3105305bc82912c0ba341af8858be7b2642cee7"}
,"/Users/manesty/alip/data/10xers-backend-test/controllers/UserController.js": {"path":"/Users/manesty/alip/data/10xers-backend-test/controllers/UserController.js","statementMap":{"0":{"start":{"line":1,"column":24},"end":{"line":1,"column":44}},"1":{"start":{"line":2,"column":52},"end":{"line":2,"column":76}},"2":{"start":{"line":6,"column":4},"end":{"line":44,"column":5}},"3":{"start":{"line":7,"column":34},"end":{"line":7,"column":42}},"4":{"start":{"line":8,"column":6},"end":{"line":13,"column":7}},"5":{"start":{"line":9,"column":8},"end":{"line":12,"column":10}},"6":{"start":{"line":14,"column":25},"end":{"line":18,"column":8}},"7":{"start":{"line":19,"column":6},"end":{"line":19,"column":30}},"8":{"start":{"line":20,"column":6},"end":{"line":25,"column":7}},"9":{"start":{"line":21,"column":8},"end":{"line":24,"column":10}},"10":{"start":{"line":26,"column":6},"end":{"line":31,"column":7}},"11":{"start":{"line":27,"column":8},"end":{"line":30,"column":10}},"12":{"start":{"line":32,"column":23},"end":{"line":32,"column":26}},"13":{"start":{"line":33,"column":25},"end":{"line":33,"column":48}},"14":{"start":{"line":34,"column":22},"end":{"line":38,"column":7}},"15":{"start":{"line":39,"column":26},"end":{"line":39,"column":46}},"16":{"start":{"line":40,"column":6},"end":{"line":40,"column":41}},"17":{"start":{"line":41,"column":6},"end":{"line":41,"column":36}},"18":{"start":{"line":43,"column":6},"end":{"line":43,"column":18}},"19":{"start":{"line":47,"column":4},"end":{"line":90,"column":5}},"20":{"start":{"line":48,"column":34},"end":{"line":48,"column":42}},"21":{"start":{"line":49,"column":6},"end":{"line":54,"column":7}},"22":{"start":{"line":50,"column":8},"end":{"line":53,"column":10}},"23":{"start":{"line":55,"column":6},"end":{"line":60,"column":7}},"24":{"start":{"line":56,"column":8},"end":{"line":59,"column":10}},"25":{"start":{"line":61,"column":6},"end":{"line":61,"column":28}},"26":{"start":{"line":62,"column":24},"end":{"line":66,"column":8}},"27":{"start":{"line":67,"column":6},"end":{"line":72,"column":7}},"28":{"start":{"line":68,"column":8},"end":{"line":71,"column":10}},"29":{"start":{"line":73,"column":30},"end":{"line":73,"column":73}},"30":{"start":{"line":74,"column":6},"end":{"line":79,"column":7}},"31":{"start":{"line":75,"column":8},"end":{"line":78,"column":10}},"32":{"start":{"line":80,"column":25},"end":{"line":84,"column":7}},"33":{"start":{"line":85,"column":26},"end":{"line":85,"column":49}},"34":{"start":{"line":86,"column":6},"end":{"line":86,"column":44}},"35":{"start":{"line":87,"column":6},"end":{"line":87,"column":46}},"36":{"start":{"line":89,"column":6},"end":{"line":89,"column":18}},"37":{"start":{"line":94,"column":0},"end":{"line":94,"column":32}}},"fnMap":{"0":{"name":"(anonymous_0)","decl":{"start":{"line":5,"column":2},"end":{"line":5,"column":3}},"loc":{"start":{"line":5,"column":40},"end":{"line":45,"column":3}},"line":5},"1":{"name":"(anonymous_1)","decl":{"start":{"line":46,"column":2},"end":{"line":46,"column":3}},"loc":{"start":{"line":46,"column":37},"end":{"line":91,"column":3}},"line":46}},"branchMap":{"0":{"loc":{"start":{"line":8,"column":6},"end":{"line":13,"column":7}},"type":"if","locations":[{"start":{"line":8,"column":6},"end":{"line":13,"column":7}},{"start":{},"end":{}}],"line":8},"1":{"loc":{"start":{"line":20,"column":6},"end":{"line":25,"column":7}},"type":"if","locations":[{"start":{"line":20,"column":6},"end":{"line":25,"column":7}},{"start":{},"end":{}}],"line":20},"2":{"loc":{"start":{"line":26,"column":6},"end":{"line":31,"column":7}},"type":"if","locations":[{"start":{"line":26,"column":6},"end":{"line":31,"column":7}},{"start":{},"end":{}}],"line":26},"3":{"loc":{"start":{"line":49,"column":6},"end":{"line":54,"column":7}},"type":"if","locations":[{"start":{"line":49,"column":6},"end":{"line":54,"column":7}},{"start":{},"end":{}}],"line":49},"4":{"loc":{"start":{"line":55,"column":6},"end":{"line":60,"column":7}},"type":"if","locations":[{"start":{"line":55,"column":6},"end":{"line":60,"column":7}},{"start":{},"end":{}}],"line":55},"5":{"loc":{"start":{"line":67,"column":6},"end":{"line":72,"column":7}},"type":"if","locations":[{"start":{"line":67,"column":6},"end":{"line":72,"column":7}},{"start":{},"end":{}}],"line":67},"6":{"loc":{"start":{"line":74,"column":6},"end":{"line":79,"column":7}},"type":"if","locations":[{"start":{"line":74,"column":6},"end":{"line":79,"column":7}},{"start":{},"end":{}}],"line":74}},"s":{"0":5,"1":5,"2":5,"3":5,"4":5,"5":1,"6":4,"7":4,"8":4,"9":1,"10":3,"11":1,"12":2,"13":2,"14":1,"15":1,"16":1,"17":1,"18":4,"19":6,"20":6,"21":6,"22":1,"23":5,"24":1,"25":4,"26":4,"27":4,"28":2,"29":2,"30":2,"31":1,"32":1,"33":1,"34":1,"35":1,"36":5,"37":5},"f":{"0":5,"1":6},"b":{"0":[1,4],"1":[1,3],"2":[1,2],"3":[1,5],"4":[1,4],"5":[2,2],"6":[1,1]},"_coverageSchema":"1a1c01bbd47fc00a2c39e90264f33305004495a9","hash":"9cc401b88878d06614768ba9744ecce476060f26"}
,"/Users/manesty/alip/data/10xers-backend-test/helper/jwt.js": {"path":"/Users/manesty/alip/data/10xers-backend-test/helper/jwt.js","statementMap":{"0":{"start":{"line":1,"column":15},"end":{"line":1,"column":34}},"1":{"start":{"line":2,"column":12},"end":{"line":2,"column":35}},"2":{"start":{"line":3,"column":16},"end":{"line":3,"column":35}},"3":{"start":{"line":6,"column":2},"end":{"line":6,"column":36}},"4":{"start":{"line":9,"column":2},"end":{"line":9,"column":36}},"5":{"start":{"line":12,"column":2},"end":{"line":12,"column":30}},"6":{"start":{"line":15,"column":2},"end":{"line":15,"column":44}},"7":{"start":{"line":18,"column":0},"end":{"line":23,"column":2}}},"fnMap":{"0":{"name":"generateJWT","decl":{"start":{"line":5,"column":9},"end":{"line":5,"column":20}},"loc":{"start":{"line":5,"column":30},"end":{"line":7,"column":1}},"line":5},"1":{"name":"validateJWT","decl":{"start":{"line":8,"column":9},"end":{"line":8,"column":20}},"loc":{"start":{"line":8,"column":28},"end":{"line":10,"column":1}},"line":8},"2":{"name":"hashBcrypt","decl":{"start":{"line":11,"column":9},"end":{"line":11,"column":19}},"loc":{"start":{"line":11,"column":25},"end":{"line":13,"column":1}},"line":11},"3":{"name":"compareBcrypt","decl":{"start":{"line":14,"column":9},"end":{"line":14,"column":22}},"loc":{"start":{"line":14,"column":39},"end":{"line":16,"column":1}},"line":14}},"branchMap":{},"s":{"0":5,"1":5,"2":5,"3":4,"4":23,"5":9,"6":4,"7":5},"f":{"0":4,"1":23,"2":9,"3":4},"b":{},"_coverageSchema":"1a1c01bbd47fc00a2c39e90264f33305004495a9","hash":"778709c56af5aa04e43f2c110e950de4d9e77551"}
,"/Users/manesty/alip/data/10xers-backend-test/middlewares/errorHandler.js": {"path":"/Users/manesty/alip/data/10xers-backend-test/middlewares/errorHandler.js","statementMap":{"0":{"start":{"line":1,"column":21},"end":{"line":45,"column":1}},"1":{"start":{"line":2,"column":2},"end":{"line":2,"column":24}},"2":{"start":{"line":3,"column":2},"end":{"line":3,"column":27}},"3":{"start":{"line":4,"column":2},"end":{"line":44,"column":3}},"4":{"start":{"line":6,"column":6},"end":{"line":8,"column":9}},"5":{"start":{"line":10,"column":6},"end":{"line":12,"column":9}},"6":{"start":{"line":15,"column":6},"end":{"line":17,"column":9}},"7":{"start":{"line":20,"column":6},"end":{"line":22,"column":9}},"8":{"start":{"line":25,"column":6},"end":{"line":27,"column":9}},"9":{"start":{"line":29,"column":6},"end":{"line":31,"column":9}},"10":{"start":{"line":33,"column":6},"end":{"line":35,"column":9}},"11":{"start":{"line":37,"column":6},"end":{"line":39,"column":9}},"12":{"start":{"line":41,"column":6},"end":{"line":43,"column":9}},"13":{"start":{"line":47,"column":0},"end":{"line":47,"column":30}}},"fnMap":{"0":{"name":"(anonymous_0)","decl":{"start":{"line":1,"column":21},"end":{"line":1,"column":22}},"loc":{"start":{"line":1,"column":46},"end":{"line":45,"column":1}},"line":1}},"branchMap":{"0":{"loc":{"start":{"line":4,"column":2},"end":{"line":44,"column":3}},"type":"switch","locations":[{"start":{"line":5,"column":4},"end":{"line":8,"column":9}},{"start":{"line":9,"column":4},"end":{"line":13,"column":5}},{"start":{"line":14,"column":4},"end":{"line":18,"column":5}},{"start":{"line":19,"column":4},"end":{"line":23,"column":5}},{"start":{"line":24,"column":4},"end":{"line":27,"column":9}},{"start":{"line":28,"column":4},"end":{"line":31,"column":9}},{"start":{"line":32,"column":4},"end":{"line":35,"column":9}},{"start":{"line":36,"column":4},"end":{"line":39,"column":9}},{"start":{"line":40,"column":4},"end":{"line":43,"column":9}}],"line":4}},"s":{"0":5,"1":34,"2":34,"3":34,"4":16,"5":2,"6":1,"7":2,"8":2,"9":5,"10":4,"11":2,"12":0,"13":5},"f":{"0":34},"b":{"0":[16,2,1,2,2,5,4,2,0]},"_coverageSchema":"1a1c01bbd47fc00a2c39e90264f33305004495a9","hash":"090a5ed68072527aabb88acd2e49f65a562303b9"}
,"/Users/manesty/alip/data/10xers-backend-test/middlewares/guard.js": {"path":"/Users/manesty/alip/data/10xers-backend-test/middlewares/guard.js","statementMap":{"0":{"start":{"line":1,"column":24},"end":{"line":1,"column":48}},"1":{"start":{"line":3,"column":23},"end":{"line":12,"column":1}},"2":{"start":{"line":4,"column":2},"end":{"line":11,"column":3}},"3":{"start":{"line":5,"column":29},"end":{"line":5,"column":40}},"4":{"start":{"line":6,"column":23},"end":{"line":6,"column":48}},"5":{"start":{"line":7,"column":4},"end":{"line":7,"column":26}},"6":{"start":{"line":8,"column":4},"end":{"line":8,"column":11}},"7":{"start":{"line":10,"column":4},"end":{"line":10,"column":16}},"8":{"start":{"line":14,"column":0},"end":{"line":16,"column":2}}},"fnMap":{"0":{"name":"(anonymous_0)","decl":{"start":{"line":3,"column":23},"end":{"line":3,"column":24}},"loc":{"start":{"line":3,"column":43},"end":{"line":12,"column":1}},"line":3}},"branchMap":{},"s":{"0":5,"1":5,"2":23,"3":23,"4":23,"5":19,"6":19,"7":4,"8":5},"f":{"0":23},"b":{},"_coverageSchema":"1a1c01bbd47fc00a2c39e90264f33305004495a9","hash":"d6a8b41cf5b1e89a64d27ff307587a22c67ec958"}
,"/Users/manesty/alip/data/10xers-backend-test/migrations/20240428105152-create-user.js": {"path":"/Users/manesty/alip/data/10xers-backend-test/migrations/20240428105152-create-user.js","statementMap":{"0":{"start":{"line":3,"column":0},"end":{"line":35,"column":2}},"1":{"start":{"line":5,"column":4},"end":{"line":30,"column":7}},"2":{"start":{"line":33,"column":4},"end":{"line":33,"column":44}}},"fnMap":{"0":{"name":"(anonymous_0)","decl":{"start":{"line":4,"column":2},"end":{"line":4,"column":3}},"loc":{"start":{"line":4,"column":38},"end":{"line":31,"column":3}},"line":4},"1":{"name":"(anonymous_1)","decl":{"start":{"line":32,"column":2},"end":{"line":32,"column":3}},"loc":{"start":{"line":32,"column":40},"end":{"line":34,"column":3}},"line":32}},"branchMap":{},"s":{"0":5,"1":0,"2":0},"f":{"0":0,"1":0},"b":{},"_coverageSchema":"1a1c01bbd47fc00a2c39e90264f33305004495a9","hash":"d275ba8d8eb668510caedfe0f3ef55f9d20293f7"}
,"/Users/manesty/alip/data/10xers-backend-test/models/admin.js": {"path":"/Users/manesty/alip/data/10xers-backend-test/models/admin.js","statementMap":{"0":{"start":{"line":2,"column":18},"end":{"line":2,"column":38}},"1":{"start":{"line":3,"column":23},"end":{"line":3,"column":47}},"2":{"start":{"line":4,"column":0},"end":{"line":62,"column":2}},"3":{"start":{"line":15,"column":2},"end":{"line":60,"column":4}},"4":{"start":{"line":55,"column":10},"end":{"line":55,"column":46}},"5":{"start":{"line":56,"column":10},"end":{"line":56,"column":50}},"6":{"start":{"line":61,"column":2},"end":{"line":61,"column":15}}},"fnMap":{"0":{"name":"(anonymous_0)","decl":{"start":{"line":4,"column":17},"end":{"line":4,"column":18}},"loc":{"start":{"line":4,"column":43},"end":{"line":62,"column":1}},"line":4},"1":{"name":"(anonymous_1)","decl":{"start":{"line":11,"column":4},"end":{"line":11,"column":5}},"loc":{"start":{"line":11,"column":29},"end":{"line":13,"column":5}},"line":11},"2":{"name":"(anonymous_2)","decl":{"start":{"line":54,"column":8},"end":{"line":54,"column":9}},"loc":{"start":{"line":54,"column":26},"end":{"line":57,"column":9}},"line":54}},"branchMap":{},"s":{"0":5,"1":5,"2":5,"3":5,"4":5,"5":5,"6":5},"f":{"0":5,"1":5,"2":5},"b":{},"_coverageSchema":"1a1c01bbd47fc00a2c39e90264f33305004495a9","hash":"14e7b21be4aeb2cdb5d70e6e3ae310f3385d1c8d"}
,"/Users/manesty/alip/data/10xers-backend-test/models/index.js": {"path":"/Users/manesty/alip/data/10xers-backend-test/models/index.js","statementMap":{"0":{"start":{"line":3,"column":11},"end":{"line":3,"column":24}},"1":{"start":{"line":4,"column":13},"end":{"line":4,"column":28}},"2":{"start":{"line":5,"column":18},"end":{"line":5,"column":38}},"3":{"start":{"line":6,"column":16},"end":{"line":6,"column":34}},"4":{"start":{"line":7,"column":17},"end":{"line":7,"column":42}},"5":{"start":{"line":8,"column":12},"end":{"line":8,"column":49}},"6":{"start":{"line":9,"column":15},"end":{"line":9,"column":65}},"7":{"start":{"line":10,"column":11},"end":{"line":10,"column":13}},"8":{"start":{"line":13,"column":0},"end":{"line":17,"column":1}},"9":{"start":{"line":14,"column":2},"end":{"line":14,"column":74}},"10":{"start":{"line":16,"column":2},"end":{"line":16,"column":87}},"11":{"start":{"line":19,"column":0},"end":{"line":32,"column":5}},"12":{"start":{"line":22,"column":4},"end":{"line":27,"column":6}},"13":{"start":{"line":30,"column":18},"end":{"line":30,"column":85}},"14":{"start":{"line":31,"column":4},"end":{"line":31,"column":27}},"15":{"start":{"line":34,"column":0},"end":{"line":38,"column":3}},"16":{"start":{"line":35,"column":2},"end":{"line":37,"column":3}},"17":{"start":{"line":36,"column":4},"end":{"line":36,"column":32}},"18":{"start":{"line":40,"column":0},"end":{"line":40,"column":25}},"19":{"start":{"line":41,"column":0},"end":{"line":41,"column":25}},"20":{"start":{"line":43,"column":0},"end":{"line":43,"column":20}}},"fnMap":{"0":{"name":"(anonymous_0)","decl":{"start":{"line":21,"column":10},"end":{"line":21,"column":11}},"loc":{"start":{"line":21,"column":18},"end":{"line":28,"column":3}},"line":21},"1":{"name":"(anonymous_1)","decl":{"start":{"line":29,"column":11},"end":{"line":29,"column":12}},"loc":{"start":{"line":29,"column":19},"end":{"line":32,"column":3}},"line":29},"2":{"name":"(anonymous_2)","decl":{"start":{"line":34,"column":24},"end":{"line":34,"column":25}},"loc":{"start":{"line":34,"column":37},"end":{"line":38,"column":1}},"line":34}},"branchMap":{"0":{"loc":{"start":{"line":8,"column":12},"end":{"line":8,"column":49}},"type":"binary-expr","locations":[{"start":{"line":8,"column":12},"end":{"line":8,"column":32}},{"start":{"line":8,"column":36},"end":{"line":8,"column":49}}],"line":8},"1":{"loc":{"start":{"line":13,"column":0},"end":{"line":17,"column":1}},"type":"if","locations":[{"start":{"line":13,"column":0},"end":{"line":17,"column":1}},{"start":{"line":15,"column":7},"end":{"line":17,"column":1}}],"line":13},"2":{"loc":{"start":{"line":23,"column":6},"end":{"line":26,"column":37}},"type":"binary-expr","locations":[{"start":{"line":23,"column":6},"end":{"line":23,"column":29}},{"start":{"line":24,"column":6},"end":{"line":24,"column":23}},{"start":{"line":25,"column":6},"end":{"line":25,"column":30}},{"start":{"line":26,"column":6},"end":{"line":26,"column":37}}],"line":23},"3":{"loc":{"start":{"line":35,"column":2},"end":{"line":37,"column":3}},"type":"if","locations":[{"start":{"line":35,"column":2},"end":{"line":37,"column":3}},{"start":{},"end":{}}],"line":35}},"s":{"0":5,"1":5,"2":5,"3":5,"4":5,"5":5,"6":5,"7":5,"8":5,"9":0,"10":5,"11":5,"12":20,"13":15,"14":15,"15":5,"16":15,"17":15,"18":5,"19":5,"20":5},"f":{"0":20,"1":15,"2":15},"b":{"0":[5,0],"1":[0,5],"2":[20,20,15,15],"3":[15,0]},"_coverageSchema":"1a1c01bbd47fc00a2c39e90264f33305004495a9","hash":"b3c8618e4d6165ac3d4dafce1b5208611df6415f"}
,"/Users/manesty/alip/data/10xers-backend-test/models/product.js": {"path":"/Users/manesty/alip/data/10xers-backend-test/models/product.js","statementMap":{"0":{"start":{"line":2,"column":18},"end":{"line":2,"column":38}},"1":{"start":{"line":3,"column":0},"end":{"line":78,"column":2}},"2":{"start":{"line":11,"column":6},"end":{"line":11,"column":64}},"3":{"start":{"line":15,"column":2},"end":{"line":76,"column":4}},"4":{"start":{"line":77,"column":2},"end":{"line":77,"column":17}}},"fnMap":{"0":{"name":"(anonymous_0)","decl":{"start":{"line":3,"column":17},"end":{"line":3,"column":18}},"loc":{"start":{"line":3,"column":43},"end":{"line":78,"column":1}},"line":3},"1":{"name":"(anonymous_1)","decl":{"start":{"line":10,"column":4},"end":{"line":10,"column":5}},"loc":{"start":{"line":10,"column":29},"end":{"line":13,"column":5}},"line":10}},"branchMap":{},"s":{"0":5,"1":5,"2":5,"3":5,"4":5},"f":{"0":5,"1":5},"b":{},"_coverageSchema":"1a1c01bbd47fc00a2c39e90264f33305004495a9","hash":"ad0a6ac94e114341efdc2ee2373a86e7b04b5dab"}
,"/Users/manesty/alip/data/10xers-backend-test/models/user.js": {"path":"/Users/manesty/alip/data/10xers-backend-test/models/user.js","statementMap":{"0":{"start":{"line":2,"column":18},"end":{"line":2,"column":38}},"1":{"start":{"line":3,"column":16},"end":{"line":3,"column":36}},"2":{"start":{"line":4,"column":23},"end":{"line":4,"column":47}},"3":{"start":{"line":5,"column":0},"end":{"line":64,"column":2}},"4":{"start":{"line":13,"column":6},"end":{"line":13,"column":62}},"5":{"start":{"line":17,"column":2},"end":{"line":62,"column":4}},"6":{"start":{"line":57,"column":10},"end":{"line":57,"column":46}},"7":{"start":{"line":58,"column":10},"end":{"line":58,"column":50}},"8":{"start":{"line":63,"column":2},"end":{"line":63,"column":14}}},"fnMap":{"0":{"name":"(anonymous_0)","decl":{"start":{"line":5,"column":17},"end":{"line":5,"column":18}},"loc":{"start":{"line":5,"column":43},"end":{"line":64,"column":1}},"line":5},"1":{"name":"(anonymous_1)","decl":{"start":{"line":12,"column":4},"end":{"line":12,"column":5}},"loc":{"start":{"line":12,"column":29},"end":{"line":15,"column":5}},"line":12},"2":{"name":"(anonymous_2)","decl":{"start":{"line":56,"column":8},"end":{"line":56,"column":9}},"loc":{"start":{"line":56,"column":26},"end":{"line":59,"column":9}},"line":56}},"branchMap":{},"s":{"0":5,"1":5,"2":5,"3":5,"4":5,"5":5,"6":4,"7":4,"8":5},"f":{"0":5,"1":5,"2":4},"b":{},"_coverageSchema":"1a1c01bbd47fc00a2c39e90264f33305004495a9","hash":"b71cb4daab001e021205c9edaf17e51137e2671c"}
,"/Users/manesty/alip/data/10xers-backend-test/routes/admin.js": {"path":"/Users/manesty/alip/data/10xers-backend-test/routes/admin.js","statementMap":{"0":{"start":{"line":1,"column":16},"end":{"line":1,"column":34}},"1":{"start":{"line":3,"column":24},"end":{"line":3,"column":65}},"2":{"start":{"line":4,"column":15},"end":{"line":4,"column":31}},"3":{"start":{"line":6,"column":0},"end":{"line":6,"column":51}},"4":{"start":{"line":7,"column":0},"end":{"line":7,"column":45}},"5":{"start":{"line":9,"column":0},"end":{"line":9,"column":24}}},"fnMap":{},"branchMap":{},"s":{"0":5,"1":5,"2":5,"3":5,"4":5,"5":5},"f":{},"b":{},"_coverageSchema":"1a1c01bbd47fc00a2c39e90264f33305004495a9","hash":"d4d96cccf9b50a1d489ae775f51928c8f566e33d"}
,"/Users/manesty/alip/data/10xers-backend-test/routes/index.js": {"path":"/Users/manesty/alip/data/10xers-backend-test/routes/index.js","statementMap":{"0":{"start":{"line":1,"column":16},"end":{"line":1,"column":34}},"1":{"start":{"line":2,"column":15},"end":{"line":2,"column":31}},"2":{"start":{"line":3,"column":16},"end":{"line":3,"column":36}},"3":{"start":{"line":4,"column":13},"end":{"line":4,"column":30}},"4":{"start":{"line":5,"column":14},"end":{"line":5,"column":32}},"5":{"start":{"line":6,"column":27},"end":{"line":6,"column":58}},"6":{"start":{"line":8,"column":0},"end":{"line":8,"column":22}},"7":{"start":{"line":9,"column":0},"end":{"line":9,"column":28}},"8":{"start":{"line":10,"column":0},"end":{"line":10,"column":27}},"9":{"start":{"line":11,"column":0},"end":{"line":11,"column":32}},"10":{"start":{"line":13,"column":0},"end":{"line":13,"column":24}}},"fnMap":{},"branchMap":{},"s":{"0":5,"1":5,"2":5,"3":5,"4":5,"5":5,"6":5,"7":5,"8":5,"9":5,"10":5},"f":{},"b":{},"_coverageSchema":"1a1c01bbd47fc00a2c39e90264f33305004495a9","hash":"353ca11cecabb17727fe0c6fc3ea6edc9fa11174"}
,"/Users/manesty/alip/data/10xers-backend-test/routes/product.js": {"path":"/Users/manesty/alip/data/10xers-backend-test/routes/product.js","statementMap":{"0":{"start":{"line":1,"column":16},"end":{"line":1,"column":34}},"1":{"start":{"line":3,"column":26},"end":{"line":3,"column":69}},"2":{"start":{"line":4,"column":15},"end":{"line":4,"column":31}},"3":{"start":{"line":6,"column":0},"end":{"line":6,"column":53}},"4":{"start":{"line":7,"column":0},"end":{"line":7,"column":53}},"5":{"start":{"line":9,"column":0},"end":{"line":9,"column":59}},"6":{"start":{"line":10,"column":0},"end":{"line":10,"column":70}},"7":{"start":{"line":12,"column":0},"end":{"line":12,"column":52}},"8":{"start":{"line":13,"column":0},"end":{"line":13,"column":63}},"9":{"start":{"line":15,"column":0},"end":{"line":15,"column":24}}},"fnMap":{},"branchMap":{},"s":{"0":5,"1":5,"2":5,"3":5,"4":5,"5":5,"6":5,"7":5,"8":5,"9":5},"f":{},"b":{},"_coverageSchema":"1a1c01bbd47fc00a2c39e90264f33305004495a9","hash":"6ddfbbba9b332d230ece3b54c1d5e752b557c8f1"}
,"/Users/manesty/alip/data/10xers-backend-test/routes/user.js": {"path":"/Users/manesty/alip/data/10xers-backend-test/routes/user.js","statementMap":{"0":{"start":{"line":1,"column":16},"end":{"line":1,"column":34}},"1":{"start":{"line":3,"column":23},"end":{"line":3,"column":63}},"2":{"start":{"line":4,"column":15},"end":{"line":4,"column":31}},"3":{"start":{"line":6,"column":0},"end":{"line":8,"column":3}},"4":{"start":{"line":7,"column":2},"end":{"line":7,"column":36}},"5":{"start":{"line":9,"column":0},"end":{"line":9,"column":50}},"6":{"start":{"line":12,"column":0},"end":{"line":12,"column":44}},"7":{"start":{"line":14,"column":0},"end":{"line":14,"column":24}}},"fnMap":{"0":{"name":"(anonymous_0)","decl":{"start":{"line":6,"column":16},"end":{"line":6,"column":17}},"loc":{"start":{"line":6,"column":30},"end":{"line":8,"column":1}},"line":6}},"branchMap":{},"s":{"0":5,"1":5,"2":5,"3":5,"4":0,"5":5,"6":5,"7":5},"f":{"0":0},"b":{},"_coverageSchema":"1a1c01bbd47fc00a2c39e90264f33305004495a9","hash":"18ef26fa1f55d12869df0413680b39d187afe8bd"}
}
