TN:
SF:index.js
FNF:0
FNH:0
DA:1,5
DA:2,5
DA:3,5
DA:4,5
DA:5,5
DA:6,5
DA:7,5
DA:9,5
DA:10,5
DA:11,5
DA:12,5
DA:13,5
DA:19,5
LF:13
LH:13
BRF:0
BRH:0
end_of_record
TN:
SF:controllers/AdminController.js
FN:5,(anonymous_0)
FN:34,(anonymous_1)
FNF:2
FNH:2
FNDA:4,(anonymous_0)
FNDA:5,(anonymous_1)
DA:1,5
DA:2,5
DA:6,4
DA:7,4
DA:8,4
DA:9,1
DA:14,3
DA:15,1
DA:20,2
DA:21,2
DA:22,1
DA:27,1
DA:28,1
DA:29,1
DA:31,3
DA:35,5
DA:36,5
DA:37,5
DA:38,1
DA:43,4
DA:44,1
DA:49,3
DA:50,3
DA:55,3
DA:56,3
DA:57,1
DA:62,2
DA:63,2
DA:64,1
DA:69,1
DA:74,1
DA:75,1
DA:76,1
DA:78,4
DA:83,5
LF:35
LH:35
BRDA:8,0,0,1
BRDA:8,0,1,3
BRDA:14,1,0,1
BRDA:14,1,1,2
BRDA:37,2,0,1
BRDA:37,2,1,4
BRDA:43,3,0,1
BRDA:43,3,1,3
BRDA:56,4,0,1
BRDA:56,4,1,2
BRDA:63,5,0,1
BRDA:63,5,1,1
BRF:12
BRH:12
end_of_record
TN:
SF:controllers/ProductController.js
FN:5,(anonymous_0)
FN:13,(anonymous_1)
FN:41,(anonymous_2)
FN:78,(anonymous_3)
FNF:4
FNH:4
FNDA:1,(anonymous_0)
FNDA:6,(anonymous_1)
FNDA:4,(anonymous_2)
FNDA:8,(anonymous_3)
DA:1,5
DA:2,5
DA:6,1
DA:7,1
DA:8,1
DA:10,0
DA:14,6
DA:15,6
DA:16,6
DA:17,1
DA:22,5
DA:23,1
DA:28,4
DA:29,1
DA:34,3
DA:35,3
DA:36,2
DA:38,4
DA:42,4
DA:43,4
DA:44,4
DA:45,1
DA:50,3
DA:51,3
DA:52,1
DA:57,2
DA:58,2
DA:59,1
DA:70,1
DA:71,1
DA:75,3
DA:79,8
DA:80,8
DA:81,8
DA:82,8
DA:83,1
DA:88,7
DA:89,7
DA:90,1
DA:95,6
DA:96,6
DA:97,1
DA:102,5
DA:103,5
DA:104,1
DA:109,4
DA:110,1
DA:115,3
DA:116,1
DA:127,2
DA:128,1
DA:130,7
DA:135,5
LF:53
LH:52
BRDA:16,0,0,1
BRDA:16,0,1,5
BRDA:22,1,0,1
BRDA:22,1,1,4
BRDA:28,2,0,1
BRDA:28,2,1,3
BRDA:44,3,0,1
BRDA:44,3,1,3
BRDA:51,4,0,1
BRDA:51,4,1,2
BRDA:58,5,0,1
BRDA:58,5,1,1
BRDA:82,6,0,1
BRDA:82,6,1,7
BRDA:89,7,0,1
BRDA:89,7,1,6
BRDA:96,8,0,1
BRDA:96,8,1,5
BRDA:103,9,0,1
BRDA:103,9,1,4
BRDA:109,10,0,1
BRDA:109,10,1,3
BRDA:115,11,0,1
BRDA:115,11,1,2
BRF:24
BRH:24
end_of_record
TN:
SF:controllers/UserController.js
FN:5,(anonymous_0)
FN:46,(anonymous_1)
FNF:2
FNH:2
FNDA:5,(anonymous_0)
FNDA:6,(anonymous_1)
DA:1,5
DA:2,5
DA:6,5
DA:7,5
DA:8,5
DA:9,1
DA:14,4
DA:19,4
DA:20,4
DA:21,1
DA:26,3
DA:27,1
DA:32,2
DA:33,2
DA:34,1
DA:39,1
DA:40,1
DA:41,1
DA:43,4
DA:47,6
DA:48,6
DA:49,6
DA:50,1
DA:55,5
DA:56,1
DA:61,4
DA:62,4
DA:67,4
DA:68,2
DA:73,2
DA:74,2
DA:75,1
DA:80,1
DA:85,1
DA:86,1
DA:87,1
DA:89,5
DA:94,5
LF:38
LH:38
BRDA:8,0,0,1
BRDA:8,0,1,4
BRDA:20,1,0,1
BRDA:20,1,1,3
BRDA:26,2,0,1
BRDA:26,2,1,2
BRDA:49,3,0,1
BRDA:49,3,1,5
BRDA:55,4,0,1
BRDA:55,4,1,4
BRDA:67,5,0,2
BRDA:67,5,1,2
BRDA:74,6,0,1
BRDA:74,6,1,1
BRF:14
BRH:14
end_of_record
TN:
SF:helper/jwt.js
FN:5,generateJWT
FN:8,validateJWT
FN:11,hashBcrypt
FN:14,compareBcrypt
FNF:4
FNH:4
FNDA:4,generateJWT
FNDA:23,validateJWT
FNDA:9,hashBcrypt
FNDA:4,compareBcrypt
DA:1,5
DA:2,5
DA:3,5
DA:6,4
DA:9,23
DA:12,9
DA:15,4
DA:18,5
LF:8
LH:8
BRF:0
BRH:0
end_of_record
TN:
SF:middlewares/errorHandler.js
FN:1,(anonymous_0)
FNF:1
FNH:1
FNDA:34,(anonymous_0)
DA:1,5
DA:2,34
DA:3,34
DA:4,34
DA:6,16
DA:10,2
DA:15,1
DA:20,2
DA:25,2
DA:29,5
DA:33,4
DA:37,2
DA:41,0
DA:47,5
LF:14
LH:13
BRDA:4,0,0,16
BRDA:4,0,1,2
BRDA:4,0,2,1
BRDA:4,0,3,2
BRDA:4,0,4,2
BRDA:4,0,5,5
BRDA:4,0,6,4
BRDA:4,0,7,2
BRDA:4,0,8,0
BRF:9
BRH:8
end_of_record
TN:
SF:middlewares/guard.js
FN:3,(anonymous_0)
FNF:1
FNH:1
FNDA:23,(anonymous_0)
DA:1,5
DA:3,5
DA:4,23
DA:5,23
DA:6,23
DA:7,19
DA:8,19
DA:10,4
DA:14,5
LF:9
LH:9
BRF:0
BRH:0
end_of_record
TN:
SF:migrations/20240428105152-create-user.js
FN:4,(anonymous_0)
FN:32,(anonymous_1)
FNF:2
FNH:0
FNDA:0,(anonymous_0)
FNDA:0,(anonymous_1)
DA:3,5
DA:5,0
DA:33,0
LF:3
LH:1
BRF:0
BRH:0
end_of_record
TN:
SF:models/admin.js
FN:4,(anonymous_0)
FN:11,(anonymous_1)
FN:54,(anonymous_2)
FNF:3
FNH:3
FNDA:5,(anonymous_0)
FNDA:5,(anonymous_1)
FNDA:5,(anonymous_2)
DA:2,5
DA:3,5
DA:4,5
DA:15,5
DA:55,5
DA:56,5
DA:61,5
LF:7
LH:7
BRF:0
BRH:0
end_of_record
TN:
SF:models/index.js
FN:21,(anonymous_0)
FN:29,(anonymous_1)
FN:34,(anonymous_2)
FNF:3
FNH:3
FNDA:20,(anonymous_0)
FNDA:15,(anonymous_1)
FNDA:15,(anonymous_2)
DA:3,5
DA:4,5
DA:5,5
DA:6,5
DA:7,5
DA:8,5
DA:9,5
DA:10,5
DA:13,5
DA:14,0
DA:16,5
DA:19,5
DA:22,20
DA:30,15
DA:31,15
DA:34,5
DA:35,15
DA:36,15
DA:40,5
DA:41,5
DA:43,5
LF:21
LH:20
BRDA:8,0,0,5
BRDA:8,0,1,0
BRDA:13,1,0,0
BRDA:13,1,1,5
BRDA:23,2,0,20
BRDA:23,2,1,20
BRDA:23,2,2,15
BRDA:23,2,3,15
BRDA:35,3,0,15
BRDA:35,3,1,0
BRF:10
BRH:7
end_of_record
TN:
SF:models/product.js
FN:3,(anonymous_0)
FN:10,(anonymous_1)
FNF:2
FNH:2
FNDA:5,(anonymous_0)
FNDA:5,(anonymous_1)
DA:2,5
DA:3,5
DA:11,5
DA:15,5
DA:77,5
LF:5
LH:5
BRF:0
BRH:0
end_of_record
TN:
SF:models/user.js
FN:5,(anonymous_0)
FN:12,(anonymous_1)
FN:56,(anonymous_2)
FNF:3
FNH:3
FNDA:5,(anonymous_0)
FNDA:5,(anonymous_1)
FNDA:4,(anonymous_2)
DA:2,5
DA:3,5
DA:4,5
DA:5,5
DA:13,5
DA:17,5
DA:57,4
DA:58,4
DA:63,5
LF:9
LH:9
BRF:0
BRH:0
end_of_record
TN:
SF:routes/admin.js
FNF:0
FNH:0
DA:1,5
DA:3,5
DA:4,5
DA:6,5
DA:7,5
DA:9,5
LF:6
LH:6
BRF:0
BRH:0
end_of_record
TN:
SF:routes/index.js
FNF:0
FNH:0
DA:1,5
DA:2,5
DA:3,5
DA:4,5
DA:5,5
DA:6,5
DA:8,5
DA:9,5
DA:10,5
DA:11,5
DA:13,5
LF:11
LH:11
BRF:0
BRH:0
end_of_record
TN:
SF:routes/product.js
FNF:0
FNH:0
DA:1,5
DA:3,5
DA:4,5
DA:6,5
DA:7,5
DA:9,5
DA:10,5
DA:12,5
DA:13,5
DA:15,5
LF:10
LH:10
BRF:0
BRH:0
end_of_record
TN:
SF:routes/user.js
FN:6,(anonymous_0)
FNF:1
FNH:0
FNDA:0,(anonymous_0)
DA:1,5
DA:3,5
DA:4,5
DA:6,5
DA:7,0
DA:9,5
DA:12,5
DA:14,5
LF:8
LH:7
BRF:0
BRH:0
end_of_record
